Using pre-set license
Built from '2020.3/staging' branch; Version is '2020.3.19f1 (68f137dc9bbe) revision 6877495'; Using compiler version '192528614'; Build Type 'Release'
OS: 'Windows 10 Enterprise; OS build 19041.1415; Version 2004; 64bit' Language: 'en' Physical Memory: 7910 MB
BatchMode: 1, IsHumanControllingUs: 0, StartBugReporterOnCrash: 0, Is64bit: 1, IsPro: 0

COMMAND LINE ARGUMENTS:
C:\Program Files\Unity\Hub\Editor\2020.3.19f1\Editor\Unity.exe
-adb2
-batchMode
-noUpm
-name
AssetImportWorker0
-projectPath
C:/Users/rbuitendijk/Documents/GitHub/Pong-pong
-logFile
Logs/AssetImportWorker0.log
-srvPort
53630
Successfully changed project path to: C:/Users/rbuitendijk/Documents/GitHub/Pong-pong
C:/Users/rbuitendijk/Documents/GitHub/Pong-pong
Using Asset Import Pipeline V2.
Refreshing native plugins compatible for Editor in 75.92 ms, found 3 plugins.
Preloading 0 native plugins for Editor in 0.00 ms.
Initialize engine version: 2020.3.19f1 (68f137dc9bbe)
[Subsystems] Discovering subsystems at path C:/Program Files/Unity/Hub/Editor/2020.3.19f1/Editor/Data/Resources/UnitySubsystems
[Subsystems] Discovering subsystems at path C:/Users/rbuitendijk/Documents/GitHub/Pong-pong/Assets
GfxDevice: creating device client; threaded=0
Direct3D:
    Version:  Direct3D 11.0 [level 11.1]
    Renderer: Intel(R) UHD Graphics (ID=0x9b41)
    Vendor:   
    VRAM:     3955 MB
    Driver:   30.0.101.1122
Initialize mono
Mono path[0] = 'C:/Program Files/Unity/Hub/Editor/2020.3.19f1/Editor/Data/Managed'
Mono path[1] = 'C:/Program Files/Unity/Hub/Editor/2020.3.19f1/Editor/Data/MonoBleedingEdge/lib/mono/unityjit'
Mono config path = 'C:/Program Files/Unity/Hub/Editor/2020.3.19f1/Editor/Data/MonoBleedingEdge/etc'
Using monoOptions --debugger-agent=transport=dt_socket,embedding=1,server=y,suspend=n,address=127.0.0.1:56888
Begin MonoManager ReloadAssembly
Registering precompiled unity dll's ...
Register platform support module: C:/Program Files/Unity/Hub/Editor/2020.3.19f1/Editor/Data/PlaybackEngines/WindowsStandaloneSupport/UnityEditor.WindowsStandalone.Extensions.dll
Registered in 0.002904 seconds.
Native extension for WindowsStandalone target not found
Refreshing native plugins compatible for Editor in 53.25 ms, found 3 plugins.
Preloading 0 native plugins for Editor in 0.00 ms.
Mono: successfully reloaded assembly
- Completed reload, in  2.839 seconds
Domain Reload Profiling:
	ReloadAssembly (2839ms)
		BeginReloadAssembly (89ms)
			ExecutionOrderSort (0ms)
			DisableScriptedObjects (0ms)
			BackupInstance (0ms)
			ReleaseScriptingObjects (0ms)
			CreateAndSetChildDomain (1ms)
		EndReloadAssembly (505ms)
			LoadAssemblies (85ms)
			RebuildTransferFunctionScriptingTraits (0ms)
			SetupTypeCache (176ms)
			ReleaseScriptCaches (0ms)
			RebuildScriptCaches (38ms)
			SetupLoadedEditorAssemblies (204ms)
				LogAssemblyErrors (0ms)
				InitializePlatformSupportModulesInManaged (4ms)
				SetLoadedEditorAssemblies (0ms)
				RefreshPlugins (53ms)
				BeforeProcessingInitializeOnLoad (11ms)
				ProcessInitializeOnLoadAttributes (95ms)
				ProcessInitializeOnLoadMethodAttributes (40ms)
				AfterProcessingInitializeOnLoad (0ms)
				EditorAssembliesLoaded (0ms)
			ExecutionOrderSort2 (0ms)
			AwakeInstancesAfterBackupRestoration (0ms)
Platform modules already initialized, skipping
Registering precompiled user dll's ...
Registered in 0.008343 seconds.
Begin MonoManager ReloadAssembly
Native extension for WindowsStandalone target not found
Refreshing native plugins compatible for Editor in 55.40 ms, found 3 plugins.
Preloading 0 native plugins for Editor in 0.00 ms.
Mono: successfully reloaded assembly
- Completed reload, in  2.251 seconds
Domain Reload Profiling:
	ReloadAssembly (2252ms)
		BeginReloadAssembly (237ms)
			ExecutionOrderSort (0ms)
			DisableScriptedObjects (10ms)
			BackupInstance (0ms)
			ReleaseScriptingObjects (0ms)
			CreateAndSetChildDomain (23ms)
		EndReloadAssembly (1810ms)
			LoadAssemblies (160ms)
			RebuildTransferFunctionScriptingTraits (0ms)
			SetupTypeCache (819ms)
			ReleaseScriptCaches (1ms)
			RebuildScriptCaches (84ms)
			SetupLoadedEditorAssemblies (497ms)
				LogAssemblyErrors (0ms)
				InitializePlatformSupportModulesInManaged (7ms)
				SetLoadedEditorAssemblies (0ms)
				RefreshPlugins (56ms)
				BeforeProcessingInitializeOnLoad (96ms)
				ProcessInitializeOnLoadAttributes (308ms)
				ProcessInitializeOnLoadMethodAttributes (22ms)
				AfterProcessingInitializeOnLoad (8ms)
				EditorAssembliesLoaded (0ms)
			ExecutionOrderSort2 (0ms)
			AwakeInstancesAfterBackupRestoration (8ms)
Platform modules already initialized, skipping
========================================================================
Worker process is ready to serve import requests
Launched and connected shader compiler UnityShaderCompiler.exe after 0.06 seconds
Refreshing native plugins compatible for Editor in 0.62 ms, found 3 plugins.
Preloading 0 native plugins for Editor in 0.00 ms.
Unloading 2186 Unused Serialized files (Serialized files now loaded: 0)
System memory in use before: 95.6 MB.
System memory in use after: 95.6 MB.

Unloading 28 unused Assets to reduce memory usage. Loaded Objects now: 2620.
Total: 3.532900 ms (FindLiveObjects: 0.246900 ms CreateObjectMapping: 0.112300 ms MarkObjects: 3.097800 ms  DeleteObjects: 0.074800 ms)

AssetImportParameters requested are different than current active one (requested -> active):
  custom:framework-win-MediaFoundation: 216162199b28c13a410421893ffa2e32 -> 
  custom:video-decoder-ogg-theora: a1e56fd34408186e4bbccfd4996cb3dc -> 
  custom:container-muxer-webm: aa71ff27fc2769a1b78a27578f13a17b -> 
  custom:container-demuxer-webm: 4f35f7cbe854078d1ac9338744f61a02 -> 
  custom:container-demuxer-ogg: 62fdf1f143b41e24485cea50d1cbac27 -> 
  custom:video-encoder-webm-vp8: eb34c28f22e8b96e1ab97ce403110664 -> 
  custom:video-decoder-webm-vp8: 9c59270c3fd7afecdb556c50c9e8de78 -> 
  custom:audio-decoder-ogg-vorbis: bf7c407c2cedff20999df2af8eb42d56 -> 
  custom:audio-encoder-webm-vorbis: bf7c407c2cedff20999df2af8eb42d56 -> 
========================================================================
Received Import Request.
  path: ProjectSettings/TagManager.asset
  artifactKey: Guid(00000000000000003000000000000000) Importer(815301076,1909f56bfc062723c751e8b465ee728b)
Start importing ProjectSettings/TagManager.asset using Guid(00000000000000003000000000000000) Importer(815301076,1909f56bfc062723c751e8b465ee728b)  -> (artifact id: 'bbf38bdee8ece615608ee4d7874e1ffa') in 0.063887 seconds 
  Import took 0.068782 seconds .

========================================================================
Received Import Request.
  Time since last request: 0.000282 seconds.
  path: Assets/Resources/Prefabs/Powerups/DeacreaseBallSpeed.prefab
  artifactKey: Guid(40ef42ef4afa3294f9ba5ecd3a39c3b8) Importer(815301076,1909f56bfc062723c751e8b465ee728b)
Start importing Assets/Resources/Prefabs/Powerups/DeacreaseBallSpeed.prefab using Guid(40ef42ef4afa3294f9ba5ecd3a39c3b8) Importer(815301076,1909f56bfc062723c751e8b465ee728b)  -> (artifact id: '6690139af011ce9aebeb82d2d205ff44') in 0.116431 seconds 
  Import took 0.121895 seconds .

========================================================================
Received Import Request.
  Time since last request: 9.116418 seconds.
  path: Assets/Resources/Prefabs/Powerups/DecreaseBalls.prefab
  artifactKey: Guid(2cfd597f0de14574f8079b74a9a3f2f1) Importer(815301076,1909f56bfc062723c751e8b465ee728b)
Start importing Assets/Resources/Prefabs/Powerups/DecreaseBalls.prefab using Guid(2cfd597f0de14574f8079b74a9a3f2f1) Importer(815301076,1909f56bfc062723c751e8b465ee728b)  -> (artifact id: '8caf267905b17457ccafc26a8ea4eea6') in 0.032610 seconds 
  Import took 0.042792 seconds .

========================================================================
Received Import Request.
  Time since last request: 3.872004 seconds.
  path: Assets/Resources/Prefabs/Powerups/DeacreaseBallSpeed.prefab
  artifactKey: Guid(40ef42ef4afa3294f9ba5ecd3a39c3b8) Importer(815301076,1909f56bfc062723c751e8b465ee728b)
Start importing Assets/Resources/Prefabs/Powerups/DeacreaseBallSpeed.prefab using Guid(40ef42ef4afa3294f9ba5ecd3a39c3b8) Importer(815301076,1909f56bfc062723c751e8b465ee728b)  -> (artifact id: '24bf3a870167d79681e81ee43cfe8245') in 0.022555 seconds 
  Import took 0.030623 seconds .

========================================================================
Received Import Request.
  Time since last request: 3.528174 seconds.
  path: Assets/Resources/Prefabs/Powerups/DecreasePlayerSpeed.prefab
  artifactKey: Guid(3b0f7abedd7f2614698691970717f981) Importer(815301076,1909f56bfc062723c751e8b465ee728b)
Start importing Assets/Resources/Prefabs/Powerups/DecreasePlayerSpeed.prefab using Guid(3b0f7abedd7f2614698691970717f981) Importer(815301076,1909f56bfc062723c751e8b465ee728b)  -> (artifact id: '501b59163519245b361a5136be564dc4') in 0.019907 seconds 
  Import took 0.026581 seconds .

========================================================================
Received Import Request.
  Time since last request: 3.043076 seconds.
  path: Assets/Resources/Prefabs/Powerups/DecreaseSize.prefab
  artifactKey: Guid(5548387ee113d7c40bb0434973392a41) Importer(815301076,1909f56bfc062723c751e8b465ee728b)
Start importing Assets/Resources/Prefabs/Powerups/DecreaseSize.prefab using Guid(5548387ee113d7c40bb0434973392a41) Importer(815301076,1909f56bfc062723c751e8b465ee728b)  -> (artifact id: '1c7e55201d763775e1f6cb66455c9044') in 0.020790 seconds 
  Import took 0.029320 seconds .

========================================================================
Received Import Request.
  Time since last request: 2.971455 seconds.
  path: Assets/Resources/Prefabs/Powerups/IncreaseBalls.prefab
  artifactKey: Guid(234629e63f724ed47aae3611f9b242e9) Importer(815301076,1909f56bfc062723c751e8b465ee728b)
Start importing Assets/Resources/Prefabs/Powerups/IncreaseBalls.prefab using Guid(234629e63f724ed47aae3611f9b242e9) Importer(815301076,1909f56bfc062723c751e8b465ee728b)  -> (artifact id: '3fddcf717ec0bf02bcff7b728475f2b9') in 0.024247 seconds 
  Import took 0.032426 seconds .

========================================================================
Received Import Request.
  Time since last request: 2.817991 seconds.
  path: Assets/Resources/Prefabs/Powerups/IncreaseBallSpeed.prefab
  artifactKey: Guid(4fcb375b84f3532448b93511bccc6bbd) Importer(815301076,1909f56bfc062723c751e8b465ee728b)
Start importing Assets/Resources/Prefabs/Powerups/IncreaseBallSpeed.prefab using Guid(4fcb375b84f3532448b93511bccc6bbd) Importer(815301076,1909f56bfc062723c751e8b465ee728b)  -> (artifact id: 'ff7b525ca2f8de3db6d53192665aef93') in 0.024510 seconds 
  Import took 0.032593 seconds .

========================================================================
Received Import Request.
  Time since last request: 3.088023 seconds.
  path: Assets/Resources/Prefabs/Powerups/IncreaseLife.prefab
  artifactKey: Guid(ee685f23e51429145a3f1a76808aedce) Importer(815301076,1909f56bfc062723c751e8b465ee728b)
Start importing Assets/Resources/Prefabs/Powerups/IncreaseLife.prefab using Guid(ee685f23e51429145a3f1a76808aedce) Importer(815301076,1909f56bfc062723c751e8b465ee728b)  -> (artifact id: '25cc3573323fb601082ae2d5dbaf0ca9') in 0.022825 seconds 
  Import took 0.029415 seconds .

========================================================================
Received Import Request.
  Time since last request: 3.820862 seconds.
  path: Assets/Resources/Prefabs/Powerups/IncreasePlayerSpeed.prefab
  artifactKey: Guid(607f8bf37d3263443a5f8f3cce9b227f) Importer(815301076,1909f56bfc062723c751e8b465ee728b)
Start importing Assets/Resources/Prefabs/Powerups/IncreasePlayerSpeed.prefab using Guid(607f8bf37d3263443a5f8f3cce9b227f) Importer(815301076,1909f56bfc062723c751e8b465ee728b)  -> (artifact id: 'f5b2b702af2620fac6ecca4b92aedb76') in 0.023908 seconds 
  Import took 0.031518 seconds .

========================================================================
Received Import Request.
  Time since last request: 2.620283 seconds.
  path: Assets/Resources/Prefabs/Powerups/IncreaseSize.prefab
  artifactKey: Guid(a1198beb024bf9945aacc01eadbeb433) Importer(815301076,1909f56bfc062723c751e8b465ee728b)
Start importing Assets/Resources/Prefabs/Powerups/IncreaseSize.prefab using Guid(a1198beb024bf9945aacc01eadbeb433) Importer(815301076,1909f56bfc062723c751e8b465ee728b)  -> (artifact id: 'd27176f140bee86c344700f71bf79b37') in 0.026008 seconds 
  Import took 0.034868 seconds .

========================================================================
Received Prepare
Registering precompiled user dll's ...
Registered in 0.223757 seconds.
Begin MonoManager ReloadAssembly
Native extension for WindowsStandalone target not found
Refreshing native plugins compatible for Editor in 1.03 ms, found 3 plugins.
Preloading 0 native plugins for Editor in 0.00 ms.
Mono: successfully reloaded assembly
- Completed reload, in  3.078 seconds
Domain Reload Profiling:
	ReloadAssembly (3080ms)
		BeginReloadAssembly (304ms)
			ExecutionOrderSort (0ms)
			DisableScriptedObjects (18ms)
			BackupInstance (0ms)
			ReleaseScriptingObjects (0ms)
			CreateAndSetChildDomain (87ms)
		EndReloadAssembly (2572ms)
			LoadAssemblies (253ms)
			RebuildTransferFunctionScriptingTraits (0ms)
			SetupTypeCache (814ms)
			ReleaseScriptCaches (2ms)
			RebuildScriptCaches (115ms)
			SetupLoadedEditorAssemblies (1130ms)
				LogAssemblyErrors (0ms)
				InitializePlatformSupportModulesInManaged (13ms)
				SetLoadedEditorAssemblies (1ms)
				RefreshPlugins (1ms)
				BeforeProcessingInitializeOnLoad (162ms)
				ProcessInitializeOnLoadAttributes (900ms)
				ProcessInitializeOnLoadMethodAttributes (30ms)
				AfterProcessingInitializeOnLoad (20ms)
				EditorAssembliesLoaded (1ms)
			ExecutionOrderSort2 (0ms)
			AwakeInstancesAfterBackupRestoration (26ms)
Platform modules already initialized, skipping
Refreshing native plugins compatible for Editor in 1.04 ms, found 3 plugins.
Preloading 0 native plugins for Editor in 0.00 ms.
Unloading 2175 Unused Serialized files (Serialized files now loaded: 0)
System memory in use before: 97.9 MB.
System memory in use after: 98.0 MB.

Unloading 20 unused Assets to reduce memory usage. Loaded Objects now: 2629.
Total: 6.985200 ms (FindLiveObjects: 0.412700 ms CreateObjectMapping: 0.232900 ms MarkObjects: 5.768100 ms  DeleteObjects: 0.568700 ms)

AssetImportParameters requested are different than current active one (requested -> active):
  custom:framework-win-MediaFoundation: 216162199b28c13a410421893ffa2e32 -> 
  custom:video-decoder-ogg-theora: a1e56fd34408186e4bbccfd4996cb3dc -> 
  custom:container-muxer-webm: aa71ff27fc2769a1b78a27578f13a17b -> 
  custom:container-demuxer-webm: 4f35f7cbe854078d1ac9338744f61a02 -> 
  custom:container-demuxer-ogg: 62fdf1f143b41e24485cea50d1cbac27 -> 
  custom:video-encoder-webm-vp8: eb34c28f22e8b96e1ab97ce403110664 -> 
  custom:video-decoder-webm-vp8: 9c59270c3fd7afecdb556c50c9e8de78 -> 
  custom:audio-decoder-ogg-vorbis: bf7c407c2cedff20999df2af8eb42d56 -> 
  custom:audio-encoder-webm-vorbis: bf7c407c2cedff20999df2af8eb42d56 -> 
